

########################################################################
########################################################################
Usuario:Kwa Ok  Fecha:08/04/2003    Hora:01:03:39 a.m.
########################################################################
BUG:
elemantales solo atacan si estas al lado
########################################################################
########################################################################




########################################################################
########################################################################
Usuario:Kwa Ok  Fecha:08/04/2003    Hora:01:05:25 a.m.
########################################################################
BUG:
OCULTAR NO SUBE
########################################################################
########################################################################




########################################################################
########################################################################
Usuario:Kwa Ok  Fecha:08/04/2003    Hora:01:08:56 a.m.
########################################################################
BUG:
reportalos todos
########################################################################
########################################################################




########################################################################
########################################################################
Usuario:Fache  Fecha:08/04/2003    Hora:01:35:15 a.m.
########################################################################
BUG:
los guardias no se pueden paralizar
########################################################################
########################################################################




########################################################################
########################################################################
Usuario:Fache  Fecha:08/04/2003    Hora:01:36:45 a.m.
########################################################################
BUG:
l
########################################################################
########################################################################




########################################################################
########################################################################
Usuario:Fache  Fecha:08/04/2003    Hora:01:37:30 a.m.
########################################################################
BUG:
ocultarse no sube, lo deje 10 horas y no subio ninguno
########################################################################
########################################################################




########################################################################
########################################################################
Usuario:Fache  Fecha:08/04/2003    Hora:01:38:29 a.m.
########################################################################
BUG:
los guardias no se pueden paralizar
########################################################################
########################################################################




########################################################################
########################################################################
Usuario:Fache  Fecha:08/04/2003    Hora:01:38:43 a.m.
########################################################################
BUG:
con la daga +5 no podes apuñalar
########################################################################
########################################################################




########################################################################
########################################################################
Usuario:Fache  Fecha:08/04/2003    Hora:01:40:01 a.m.
########################################################################
BUG:
con la daga +5 no apuñalas
########################################################################
########################################################################




########################################################################
########################################################################
Usuario:Fache  Fecha:08/04/2003    Hora:01:40:11 a.m.
########################################################################
BUG:
con el puñal no apuñalas
########################################################################
########################################################################




########################################################################
########################################################################
Usuario:fache  Fecha:08/04/2003    Hora:03:03:19 p.m.
########################################################################
BUG:
el hechizo llamarada calida, no tiene efecto grafico haganle alguno
########################################################################
########################################################################


