29/08/2003 18:39:56 Se conecto con ip:192.168.0.93
29/08/2003 18:40:02 /IRA JIM Mapa:157 X:37 Y:38
29/08/2003 18:43:51 /mod la maxman 10000
29/08/2003 18:44:39 Transporto a LA RUBIA DE YUYO hacia Mapa59 X:50 Y:50
29/08/2003 18:45:54 /mod cuc exp 999999
29/08/2003 18:46:21 /mod cuc exp 999999
29/08/2003 18:46:40 /mod  la r exp 999999
29/08/2003 18:47:28 /mod la exp 999999
29/08/2003 18:48:10 /mod la exp 999999
29/08/2003 18:48:12 /mod la exp 999999
29/08/2003 18:48:17 /mod la exp 999999
29/08/2003 18:48:21 /mod la exp 999999
29/08/2003 18:48:30 /mod la exp 999999
29/08/2003 18:48:37 /mod la exp 999999
29/08/2003 18:48:41 /mod la exp 999999
29/08/2003 18:48:48 /mod la exp 999999
29/08/2003 18:49:01 /mod la exp 999999
29/08/2003 18:49:06 /mod la exp 999999
29/08/2003 18:49:43 /mod la exp 999999
29/08/2003 18:49:51 /mod la 9999
29/08/2003 18:49:54 /mod la exp 9999
29/08/2003 18:50:00 /mod la exp 9999
29/08/2003 18:50:07 /mod la exp 999969696
29/08/2003 18:50:17 /mod la exp 78094598794398643
29/08/2003 18:50:22 /mod la exp 95696598569999999
29/08/2003 18:50:29 /mod la exp 9569659569659956956956956956
29/08/2003 18:50:35 /mod la exp 87943988964398646984
29/08/2003 18:50:41 /mod la exp 498048794678643
29/08/2003 18:50:44 /mod la exp 784498734
29/08/2003 18:50:49 /mod la exp 5656556
29/08/2003 18:50:54 /mod la exp 437894377
29/08/2003 18:50:59 /mod la exp 52y87t4874564546ç
29/08/2003 18:51:04 /mod la exp 5437645387434743
29/08/2003 18:51:07 /mod la exp
29/08/2003 18:51:14 /mod la exp 48745454334
29/08/2003 18:52:43 /mod la gold 90000000000
29/08/2003 18:52:53 /mod cuc oro  9999999999
29/08/2003 18:52:59 /mod la oro 6060609696
29/08/2003 18:53:55 Se conecto con ip:192.168.0.93
29/08/2003 18:54:07 /mod la oro 900000
29/08/2003 18:56:49 /TELEPLOC a x:52 Y:57 Map:58
29/08/2003 19:21:08 Se conecto con ip:192.168.0.93
29/08/2003 19:25:34 Se conecto con ip:192.168.0.93
29/08/2003 19:25:39 /IRA EL ZURDO Mapa:59 X:43 Y:81
