29/08/2003 15:54:45 Se conecto con ip:127.0.0.1
29/08/2003 15:54:55 /IRA MORGOLOCK Mapa:34 X:40 Y:89
29/08/2003 15:57:17 Se conecto con ip:127.0.0.1
29/08/2003 15:58:36 /IRA DON FULANITO Mapa:34 X:42 Y:78
29/08/2003 15:59:20 Creó 1 unidades del objeto 1
29/08/2003 15:59:34 /mod don exp 900000000
29/08/2003 15:59:36 /mod don exp 900000000
29/08/2003 15:59:37 /mod don exp 900000000
29/08/2003 15:59:38 /mod don exp 900000000
29/08/2003 15:59:39 /mod don exp 900000000
29/08/2003 15:59:40 /mod don exp 900000000
29/08/2003 15:59:41 /mod don exp 900000000
29/08/2003 15:59:42 /mod don exp 900000000
29/08/2003 15:59:44 /mod don exp 900000000
29/08/2003 15:59:45 /mod don exp 900000000
29/08/2003 15:59:46 /mod don exp 900000000
29/08/2003 15:59:47 /mod don exp 900000000
29/08/2003 15:59:49 /mod don exp 900000000
29/08/2003 15:59:50 /mod don exp 900000000
29/08/2003 15:59:51 /mod don exp 900000000
29/08/2003 15:59:52 /mod don exp 900000000
29/08/2003 15:59:53 /mod don exp 900000000
29/08/2003 15:59:54 /mod don exp 900000000
29/08/2003 15:59:56 /mod don exp 900000000
29/08/2003 15:59:57 /mod don exp 900000000
29/08/2003 15:59:58 /mod don exp 900000000
29/08/2003 15:59:59 /mod don exp 900000000
29/08/2003 16:00:00 /mod don exp 900000000
29/08/2003 16:00:01 /mod don exp 900000000
29/08/2003 16:00:02 /mod don exp 900000000
29/08/2003 16:00:03 /mod don exp 900000000
29/08/2003 16:00:04 /mod don exp 900000000
29/08/2003 16:00:06 /mod don exp 900000000
29/08/2003 16:00:10 /mod don exp 900000000
29/08/2003 16:00:12 /mod don exp 900000000
29/08/2003 16:00:14 /mod don exp 900000000
29/08/2003 16:00:15 /mod don exp 900000000
29/08/2003 16:00:17 /mod don exp 900000000
29/08/2003 16:00:18 /mod don exp 900000000
29/08/2003 16:00:19 /mod don exp 900000000
29/08/2003 16:00:20 /mod don exp 900000000
29/08/2003 16:00:21 /mod don exp 900000000
29/08/2003 16:00:22 /mod don exp 900000000
29/08/2003 16:00:23 /mod don exp 900000000
29/08/2003 16:00:25 /mod don exp 900000000
29/08/2003 16:01:28 Se conecto con ip:127.0.0.1
29/08/2003 16:01:39 /mod morgo oro 90000
29/08/2003 16:01:42 Tiro cantidad:10000 Objeto:Monedas de oro
29/08/2003 16:01:42 Tiro cantidad:10000 Objeto:Monedas de oro
29/08/2003 16:01:42 Tiro cantidad:10000 Objeto:Monedas de oro
29/08/2003 16:01:42 Tiro cantidad:10000 Objeto:Monedas de oro
29/08/2003 16:01:42 Tiro cantidad:10000 Objeto:Monedas de oro
29/08/2003 16:01:42 Tiro cantidad:10000 Objeto:Monedas de oro
29/08/2003 16:01:42 Tiro cantidad:10000 Objeto:Monedas de oro
29/08/2003 16:01:42 Tiro cantidad:10000 Objeto:Monedas de oro
29/08/2003 16:01:42 Tiro cantidad:10000 Objeto:Monedas de oro
29/08/2003 16:03:13 /MATA NPC SIN INICIAR
29/08/2003 16:03:18 /MATA NPC SIN INICIAR
29/08/2003 16:03:22 /IRA Morgolock Mapa:34 X:25 Y:75
