23/11/2002 22:15:57 HandleData. CadOri:OLOGINtester,987bcab01b929eb2c07877b224215c92,0.9.5,198~33480 Nom:UI:1
23/11/2002 22:16:01 HandleData. CadOri:OLOGINtester,987bcab01b929eb2c07877b224215c92,0.9.5,301~24407 Nom:UI:1
23/11/2002 22:16:04 HandleData. CadOri:OLOGINtester,987bcab01b929eb2c07877b224215c92,0.9.5,637~25688 Nom:UI:1
23/11/2002 22:17:08 HandleData. CadOri:OLOGINmorgolock,987bcab01b929eb2c07877b224215c92,0.9.5,243~52159 Nom:UI:1
23/11/2002 22:24:29 HandleData. CadOri:OLOGINmorgolock,987bcab01b929eb2c07877b224215c92,0.9.5,424~29644 Nom:UI:1
23/11/2002 22:28:44 HandleData. CadOri:OLOGINmorgolock,987bcab01b929eb2c07877b224215c92,0.9.5,405~46753 Nom:UI:1
27/12/2002 20:43:23 HandleData. CadOri:NLOGINNEOSEFIROT,0cc175b9c0f1b6a831c399e269772661,0,0,0.9.9,Elfo,Mujer,Mago,16,16,11,7,15,0,10,0,0,0,0,0,0,0,0,0,0,0,0,0,0,0,0,0,0,0,a@a.com,Nix,175~1 Nom:UI:1
27/12/2002 20:43:52 HandleData. CadOri:NLOGINNEOSEFIROT,0cc175b9c0f1b6a831c399e269772661,0,0,0.9.9,Elfo,Mujer,Mago,16,16,11,7,15,0,10,0,0,0,0,0,0,0,0,0,0,0,0,0,0,0,0,0,0,0,a@a.com,Nix,517~1 Nom:UI:2
28/12/2002 14:09:05 HandleData. CadOri:NLOGINKOLOKON,0cc175b9c0f1b6a831c399e269772661,0,0,0.9.9,,,,0,0,0,0,0,0,0,0,0,0,0,0,0,0,0,0,0,0,0,0,0,0,0,0,0,0,,Nix,550~6252 Nom:UI:2
28/12/2002 15:36:29 HandleData. CadOri:NLOGINTRUNK,cfc07cdf505b828c40221f6a0d148a49,0,0,0.9.9,Humano,Hombre,Paladin,15,13,13,12,13,0,6,0,0,0,0,0,0,0,0,0,0,0,0,0,0,0,0,0,0,4,axlop@hotmail.com,Nix,124~1 Nom:UI:1
28/12/2002 15:37:34 HandleData. CadOri:NLOGINTRUNK,f970e2767d0cfe75876ea857f92e319b,0,0,0.9.9,Humano,Hombre,Paladin,15,13,13,12,13,0,6,0,0,0,0,0,0,0,0,0,0,0,0,0,0,0,0,0,0,4,as@hotmail.com,Nix,243~1 Nom:UI:1
28/12/2002 15:39:58 HandleData. CadOri:NLOGINTRUNK,f970e2767d0cfe75876ea857f92e319b,0,0,0.9.9,Humano,Hombre,Paladin,15,13,13,12,13,0,6,0,0,0,0,0,0,0,0,0,0,0,0,0,0,0,0,0,0,4,as@hotmail.com,Nix,280~1 Nom:UI:1
28/12/2002 20:33:52 HandleData. CadOri:OLOGINNeoSefirot,0cc175b9c0f1b6a831c399e269772661,0.9.9,319~1 Nom:UI:1
29/12/2002 20:22:57 HandleData. CadOri:NLOGINTORKE,0cc175b9c0f1b6a831c399e269772661,0,0,0.9.9,Elfo,Mujer,Druida,11,12,8,12,12,0,0,0,0,0,0,0,0,0,0,0,0,0,0,0,0,0,0,0,0,0,10,a@a.a,Nix,198~1 Nom:TORKEUI:1
29/12/2002 20:23:08 HandleData. CadOri:OLOGINTorke,0cc175b9c0f1b6a831c399e269772661,0.9.9,190~1 Nom:TorkeUI:1
29/12/2002 20:24:02 HandleData. CadOri:NLOGINCUCSIFAE,7815696ecbf1c96e6894b779456d330e,0,0,0.9.9,Enano,Mujer,Clerigo,11,11,7,12,11,0,0,0,0,10,0,0,0,0,0,0,0,0,0,0,0,0,0,0,0,0,0,asd@asd.asd,Nix,280~1 Nom:CUCSIFAEUI:1
29/12/2002 20:24:52 HandleData. CadOri:NLOGINCUCSIFAE II,7815696ecbf1c96e6894b779456d330e,0,0,0.9.9,Enano,Mujer,Clerigo,11,11,7,12,11,0,0,0,0,10,0,0,0,0,0,0,0,0,0,0,0,0,0,0,0,0,0,asd@asd.asd,Nix,90~1 Nom:CUCSIFAE IIUI:1
29/12/2002 20:26:39 HandleData. CadOri:NLOGINNEOSEFIROT PRO,0cc175b9c0f1b6a831c399e269772661,0,0,0.9.9,Elfo,Mujer,Druida,17,12,14,12,12,0,0,0,0,0,0,0,0,0,0,0,0,0,0,0,0,0,0,0,0,0,10,a@a.com,Nix,175~1 Nom:NEOSEFIROT PROUI:2
29/12/2002 20:26:49 HandleData. CadOri:OLOGINNeoSefirot PRO,0cc175b9c0f1b6a831c399e269772661,0.9.9,124~1 Nom:NeoSefirot PROUI:2
29/12/2002 20:26:50 HandleData. CadOri:OLOGINNeoSefirot PRO,0cc175b9c0f1b6a831c399e269772661,0.9.9,370~1 Nom:NeoSefirot PROUI:2
29/12/2002 20:26:57 HandleData. CadOri:OLOGINCUCSIFAE,7815696ecbf1c96e6894b779456d330e,0.9.9,63~1 Nom:CUCSIFAEUI:1
31/12/2002 16:03:14 HandleData. CadOri:OLOGINNeoSefirot,0cc175b9c0f1b6a831c399e269772661,0.9.9,637~1 Nom:UI:1
31/12/2002 16:03:39 HandleData. CadOri:OLOGINTorke,0cc175b9c0f1b6a831c399e269772661,0.9.9,205~1 Nom:TorkeUI:1
31/12/2002 16:04:59 HandleData. CadOri:OLOGINTorke,0cc175b9c0f1b6a831c399e269772661,0.9.9,301~1 Nom:TorkeUI:1
31/12/2002 19:45:50 HandleData. CadOri:NLOGINNEOSEFIROT,964d72e72d053d501f2949969849b96c,0,0,0.9.9,Elfo,Mujer,Druida,11,12,8,13,12,0,0,0,0,0,0,0,0,0,0,0,0,0,0,0,0,0,0,0,0,0,10,a@a.com,Nix,205~1 Nom:NEOSEFIROTUI:1
31/12/2002 19:46:01 HandleData. CadOri:OLOGINNeoSefirot,964d72e72d053d501f2949969849b96c,0.9.9,243~1 Nom:UI:1
31/12/2002 19:46:03 HandleData. CadOri:OLOGINNeoSefirot,964d72e72d053d501f2949969849b96c,0.9.9,198~1 Nom:UI:1
31/12/2002 19:46:05 HandleData. CadOri:OLOGINNeoSefirot,964d72e72d053d501f2949969849b96c,0.9.9,124~1 Nom:UI:1
31/12/2002 19:46:05 HandleData. CadOri:OLOGINNeoSefirot,964d72e72d053d501f2949969849b96c,0.9.9,115~1 Nom:UI:1
31/12/2002 19:46:05 HandleData. CadOri:OLOGINNeoSefirot,964d72e72d053d501f2949969849b96c,0.9.9,280~1 Nom:UI:1
01/01/2003 2:49:08 HandleData. CadOri:OLOGINNeoSefirot,964d72e72d053d501f2949969849b96c,0.9.9,124~1 Nom:UI:1
01/01/2003 2:49:10 HandleData. CadOri:OLOGINNeoSefirot,964d72e72d053d501f2949969849b96c,0.9.9,124~1 Nom:UI:1
01/01/2003 2:49:12 HandleData. CadOri:OLOGINNeoSefirot,964d72e72d053d501f2949969849b96c,0.9.9,424~1 Nom:UI:1
01/01/2003 2:49:12 HandleData. CadOri:OLOGINNeoSefirot,964d72e72d053d501f2949969849b96c,0.9.9,468~1 Nom:UI:1
