01/01/2003 19:06:13 Se conecto con ip:200.68.215.185
01/01/2003 19:08:12 Agarro:1 Objeto:Olla
01/01/2003 19:08:15 Agarro:10000 Objeto:Raíz
01/01/2003 19:08:16 Agarro:10000 Objeto:Raíz
01/01/2003 19:08:39 Agarro:1 Objeto:Pocion Anti Parálisis
01/01/2003 19:12:21 /Donde
01/01/2003 19:12:26 Resucito a FLAKOBATERO
01/01/2003 19:13:05 /TELEPLOC a x:28 Y:72 Map:34
01/01/2003 19:14:20 /TELEPLOC a x:30 Y:71 Map:34
01/01/2003 19:16:21 Tiro cantidad:1 Objeto:Raíz
01/01/2003 19:16:22 Agarro:1 Objeto:Raíz
01/01/2003 19:16:52 /mod flakobatero oro 999999999
01/01/2003 19:17:04 /mod flakobatero fuerza 99
01/01/2003 19:17:18 /mod flakobatero fuerza 35
01/01/2003 19:17:19 /mod flakobatero agil 35
01/01/2003 19:17:20 /mod flakobatero caris 35
01/01/2003 19:17:21 /mod flakobatero const 35
01/01/2003 19:17:22 /mod flakobatero intel 35
01/01/2003 19:17:43 /IRA NeoSefirot Mapa:34 X:35 Y:40
01/01/2003 19:18:31 Tiro cantidad:1 Objeto:Armadura de placas completa
01/01/2003 19:18:40 Agarro:1 Objeto:Tunica de mago
01/01/2003 19:18:47 Agarro:2 Objeto:Tunica Roja combinada(G-M)
01/01/2003 19:18:56 Tiro cantidad:2 Objeto:Tunica Roja combinada(G-M)
01/01/2003 19:19:32 /mod flakobatero maxman 2000
01/01/2003 19:19:38 /mod flakobatero maxsta 999
01/01/2003 19:19:41 /mod flakobatero maxhit 99
01/01/2003 19:19:44 /mod flakobatero maxhp 999
01/01/2003 19:20:14 /mod flakobatero cri 8000
01/01/2003 19:20:28 Creó 1 unidades del objeto 483
01/01/2003 19:20:39 Creó 1 unidades del objeto 5
01/01/2003 19:20:53 Tiro cantidad:1 Objeto:Arbol
01/01/2003 19:21:13 Tiro cantidad:1 Objeto:Armadura de Dragón (Enano/Enana)
01/01/2003 19:22:36 /DEST
01/01/2003 19:24:14 Creó 1 unidades del objeto 484
01/01/2003 19:24:47 Creó 1 unidades del objeto 484
01/01/2003 19:24:50 Tiro cantidad:1 Objeto:Armadura de herrero
01/01/2003 19:25:10 Creó 1 unidades del objeto 485
01/01/2003 19:25:23 Creó 1 unidades del objeto 486
01/01/2003 19:25:27 Tiro cantidad:1 Objeto:Ropa de Enano
01/01/2003 19:25:32 Creó 1 unidades del objeto 485
01/01/2003 19:25:35 Tiro cantidad:1 Objeto:Armadura Legendaria
01/01/2003 19:25:43 Creó 1 unidades del objeto 488
01/01/2003 19:25:52 Tiro cantidad:1 Objeto:White Lady
01/01/2003 19:25:54 Agarro:1 Objeto:Mata Drakos!!
01/01/2003 19:25:56 Agarro:1 Objeto:A Dos Manos
01/01/2003 19:25:57 Agarro:1 Objeto:Escudo Divino
01/01/2003 19:25:57 Agarro:1 Objeto:Escudo Dorado
01/01/2003 19:26:08 Agarro:1 Objeto:Daga Gris
01/01/2003 19:26:26 /DEST
01/01/2003 19:26:27 /DEST
01/01/2003 19:26:28 /DEST
01/01/2003 19:26:29 /DEST
01/01/2003 19:26:31 /DEST
01/01/2003 19:26:43 Creó 1 unidades del objeto 489
01/01/2003 19:26:48 Tiro cantidad:1 Objeto:Armadura placas azul
01/01/2003 19:26:58 Creó 1 unidades del objeto 490
01/01/2003 19:27:02 Tiro cantidad:1 Objeto:Ropa de minero
01/01/2003 19:27:06 Creó 1 unidades del objeto 491
01/01/2003 19:27:20 Creó 1 unidades del objeto 492
01/01/2003 19:27:24 Tiro cantidad:1 Objeto:Armadura Aprendiz Imperial (Enano/Gnomo)
01/01/2003 19:27:29 Creó 1 unidades del objeto 493
01/01/2003 19:27:33 Tiro cantidad:1 Objeto:Armadura de Placas Roja (Mujer)
01/01/2003 19:27:45 /DEST
01/01/2003 19:27:48 /DEST
01/01/2003 19:27:50 /DEST
01/01/2003 19:28:03 Creó 1 unidades del objeto 492
01/01/2003 19:28:07 Tiro cantidad:1 Objeto:Armadura Aprendiz Imperial (Enano/Gnomo)
01/01/2003 19:28:08 /DEST
01/01/2003 19:28:13 Creó 1 unidades del objeto 494
01/01/2003 19:28:21 Tiro cantidad:1 Objeto:Armadura (Caos) (Mujer) 2da Jerarquía
01/01/2003 19:28:34 Creó 1 unidades del objeto 495
01/01/2003 19:29:07 Creó 1 unidades del objeto 496
01/01/2003 19:29:24 Creó 1 unidades del objeto 497
01/01/2003 19:29:32 Creó 1 unidades del objeto 498
01/01/2003 19:29:37 Tiro cantidad:1 Objeto:Armadura Caos (Mujer)
01/01/2003 19:29:42 Creó 1 unidades del objeto 499
01/01/2003 19:29:46 Tiro cantidad:1 Objeto:Cotas de Malla (Mujer)
01/01/2003 19:29:52 Creó 1 unidades del objeto 500
01/01/2003 19:29:55 Tiro cantidad:1 Objeto:Armadura Bruñida (Enanos/Gnomos)
01/01/2003 19:29:58 /DEST
01/01/2003 19:30:01 Creó 1 unidades del objeto 501
01/01/2003 19:30:11 Creó 1 unidades del objeto 502
01/01/2003 19:30:13 Tiro cantidad:1 Objeto:Ropa de Campesino (E/G-H/M)
01/01/2003 19:30:15 /DEST
01/01/2003 19:30:17 Tiro cantidad:1 Objeto:Ropa de Campesino (H/E/EO-H)
01/01/2003 19:30:20 /DEST
01/01/2003 19:30:31 Creó 1 unidades del objeto 510
01/01/2003 19:30:35 Tiro cantidad:1 Objeto:Vestido Indulgente (H/E/EO-M)
01/01/2003 19:31:41 Se conecto con ip:200.68.215.185
01/01/2003 19:32:05 Se conecto con ip:200.68.215.185
01/01/2003 19:32:26 Se conecto con ip:200.68.215.185
01/01/2003 19:32:48 Se conecto con ip:200.68.215.185
01/01/2003 19:33:21 Se conecto con ip:200.68.215.185
01/01/2003 19:34:54 Transporto a flakobatero hacia Mapa59 X:50 Y:50
01/01/2003 19:35:21 /info flakobatero
01/01/2003 19:35:26 /inv flakobatero
01/01/2003 19:37:59 Tiro cantidad:1 Objeto:Armadura de placas de gala
01/01/2003 19:38:01 Tiro cantidad:1 Objeto:Túnica de clerigo
01/01/2003 19:38:02 Tiro cantidad:1 Objeto:Armadura Escarlata
01/01/2003 19:38:04 Tiro cantidad:1 Objeto:Armadura de la Ciénaga
01/01/2003 19:38:07 Tiro cantidad:1 Objeto:Mata Drakos!!
01/01/2003 19:38:09 Tiro cantidad:1 Objeto:A Dos Manos
01/01/2003 19:38:11 Tiro cantidad:1 Objeto:Escudo Divino
01/01/2003 19:38:13 Tiro cantidad:1 Objeto:Escudo Dorado
01/01/2003 19:38:22 Tiro cantidad:1 Objeto:Armadura de herrero
01/01/2003 19:38:26 Tiro cantidad:1 Objeto:Armadura Legendaria
01/01/2003 19:38:28 Tiro cantidad:1 Objeto:Tunica de mago
01/01/2003 19:39:09 /mod flakobatero exp 999999999
01/01/2003 19:39:12 /mod flakobatero exp 999999999
01/01/2003 19:39:14 /mod flakobatero exp 999999999
01/01/2003 19:39:16 /mod flakobatero exp 999999999
01/01/2003 19:39:17 /mod flakobatero exp 999999999
01/01/2003 19:39:19 /mod flakobatero exp 999999999
01/01/2003 19:39:21 /mod flakobatero exp 999999999
01/01/2003 19:39:23 /mod flakobatero exp 999999999
01/01/2003 19:39:25 /mod flakobatero exp 999999999
01/01/2003 19:39:30 /mod flakobatero exp 999999999
01/01/2003 19:39:31 /mod flakobatero exp 999999999
01/01/2003 19:39:33 /mod flakobatero exp 999999999
01/01/2003 19:39:35 /mod flakobatero exp 999999999
01/01/2003 19:39:37 /mod flakobatero exp 999999999
01/01/2003 19:39:39 /mod flakobatero exp 999999999
01/01/2003 19:39:41 /mod flakobatero exp 999999999
01/01/2003 19:39:43 /mod flakobatero exp 999999999
01/01/2003 19:39:45 /mod flakobatero exp 999999999
01/01/2003 19:39:47 /mod flakobatero exp 999999999
01/01/2003 19:39:49 /mod flakobatero exp 999999999
01/01/2003 19:39:51 /mod flakobatero exp 999999999
01/01/2003 19:39:53 /mod flakobatero exp 999999999
01/01/2003 19:39:55 /mod flakobatero exp 999999999
01/01/2003 19:39:57 /mod flakobatero exp 999999999
01/01/2003 19:40:01 /DEST
01/01/2003 19:40:02 /DEST
01/01/2003 19:40:02 /DEST
01/01/2003 19:40:03 /DEST
01/01/2003 19:40:04 /DEST
01/01/2003 19:40:05 /DEST
01/01/2003 19:40:05 /DEST
01/01/2003 19:40:06 /DEST
01/01/2003 19:40:07 /DEST
01/01/2003 19:40:11 Agarro:2 Objeto:Casco Dorado
01/01/2003 19:40:15 Tiro cantidad:2 Objeto:Casco Dorado
01/01/2003 19:40:17 /DEST
01/01/2003 19:40:20 Agarro:2 Objeto:Armadura de placas de gala Dorada
01/01/2003 19:41:32 /DEST
01/01/2003 19:41:45 Agarro:1 Objeto:Red de pesca
01/01/2003 19:42:26 Tiro cantidad:3 Objeto:Pescado
01/01/2003 19:42:32 Tiro cantidad:1 Objeto:Red de pesca
