27/12/2002 20:54:03 Se conecto con ip:80.224.212.86
27/12/2002 20:54:10 /SUM JIM Map:34 X:44 Y:87
27/12/2002 20:54:12 /SUM LANSELOR Map:34 X:44 Y:87
27/12/2002 20:54:42 Sumoneo Señor de la muerte
27/12/2002 20:56:11 Se conecto con ip:80.224.212.86
27/12/2002 20:57:27 Mensaje Broadcast:cada vez que entra is ale algien se congela todo no se pq
27/12/2002 20:57:35 /SUM LANSELOR Map:34 X:37 Y:84
27/12/2002 20:58:44 Resucito a LANSELOR
27/12/2002 20:58:51 Resucito a LANSELOR
27/12/2002 21:01:51 /mod la exp 9990000
27/12/2002 21:01:52 /mod la exp 9990000
27/12/2002 21:01:53 /mod la exp 9990000
27/12/2002 21:01:56 /mod la exp 9990000
27/12/2002 21:01:57 /mod la exp 9990000
27/12/2002 21:01:58 /mod la exp 9990000
27/12/2002 21:01:59 /mod la exp 9990000
27/12/2002 21:02:00 /mod la exp 9990000
27/12/2002 21:02:03 /mod la exp 9990000
27/12/2002 21:02:04 /mod la exp 9990000
27/12/2002 21:02:05 /mod la exp 9990000
27/12/2002 21:02:06 /mod la exp 9990000
27/12/2002 21:02:06 /mod la exp 9990000
27/12/2002 21:02:08 /mod la exp 9990000
27/12/2002 21:02:08 /mod la exp 9990000
27/12/2002 21:02:09 /mod la exp 9990000
27/12/2002 21:02:10 /mod la exp 9990000
27/12/2002 21:02:11 /mod la exp 9990000
27/12/2002 21:02:12 /mod la exp 9990000
27/12/2002 21:02:13 /mod la exp 9990000
27/12/2002 21:02:14 /mod la exp 9990000
27/12/2002 21:02:17 /mod la exp 9990000
27/12/2002 21:02:18 /mod la exp 9990000
27/12/2002 21:02:18 /mod la exp 9990000
27/12/2002 21:02:19 /mod la exp 9990000
27/12/2002 21:02:20 /mod la exp 9990000
27/12/2002 21:02:21 /mod la exp 9990000
27/12/2002 21:02:22 /mod la exp 9990000
27/12/2002 21:02:22 /mod la exp 9990000
27/12/2002 21:02:23 /mod la exp 9990000
27/12/2002 21:02:24 /mod la exp 9990000
27/12/2002 21:02:25 /mod la exp 9990000
27/12/2002 21:02:26 /mod la exp 9990000
27/12/2002 21:02:27 /mod la exp 9990000
27/12/2002 21:02:28 /mod la exp 9990000
27/12/2002 21:02:30 /mod la exp 9990000
27/12/2002 21:02:31 /mod la exp 9990000
27/12/2002 21:02:33 /mod la exp 9990000
27/12/2002 21:02:35 /mod la exp 9990000
27/12/2002 21:02:36 /mod la exp 9990000
27/12/2002 21:02:37 /mod la exp 9990000
27/12/2002 21:02:38 /mod la exp 9990000
27/12/2002 21:02:39 /mod la exp 9990000
27/12/2002 21:02:40 /mod la exp 9990000
27/12/2002 21:02:41 /mod la exp 9990000
27/12/2002 21:02:41 /mod la exp 9990000
27/12/2002 21:02:42 /mod la exp 9990000
27/12/2002 21:02:43 /mod la exp 9990000
27/12/2002 21:02:44 /mod la exp 9990000
27/12/2002 21:02:44 /mod la exp 9990000
27/12/2002 21:02:55 Resucito a LANSELOR
27/12/2002 21:03:12 /mod neo exp 9990000
27/12/2002 21:03:13 /mod neo exp 9990000
27/12/2002 21:03:15 /mod neo exp 9990000
27/12/2002 21:03:23 /mod neo exp 9990000
27/12/2002 21:03:25 /mod neo exp 9990000
27/12/2002 21:03:25 /mod neo exp 9990000
27/12/2002 21:03:26 /mod neo exp 9990000
27/12/2002 21:03:27 /mod neo exp 9990000
27/12/2002 21:03:28 /mod neo exp 9990000
27/12/2002 21:03:29 /mod neo exp 9990000
27/12/2002 21:03:30 /mod neo exp 9990000
27/12/2002 21:03:31 /mod neo exp 9990000
27/12/2002 21:03:33 /mod neo exp 9990000
27/12/2002 21:03:33 /mod neo exp 9990000
27/12/2002 21:03:34 /mod neo exp 9990000
27/12/2002 21:03:35 /mod neo exp 9990000
27/12/2002 21:03:37 /mod neo exp 9990000
27/12/2002 21:03:38 /mod neo exp 9990000
27/12/2002 21:03:42 /mod neo exp 9990000
27/12/2002 21:03:43 /mod neo exp 9990000
27/12/2002 21:03:44 /mod neo exp 9990000
27/12/2002 21:03:45 /mod neo exp 9990000
27/12/2002 21:03:46 /mod neo exp 9990000
27/12/2002 21:03:47 /mod neo exp 9990000
27/12/2002 21:03:53 /mod la oro 95000
27/12/2002 21:03:59 /mod neo exp 9990000
27/12/2002 21:04:00 /mod neo exp 9990000
27/12/2002 21:04:02 /mod neo exp 9990000
27/12/2002 21:04:05 /mod neo exp 9990000
27/12/2002 21:04:13 /mod neo exp 9990000
27/12/2002 21:04:14 /mod neo exp 9990000
27/12/2002 21:04:15 /mod neo exp 9990000
27/12/2002 21:04:16 /mod neo exp 9990000
27/12/2002 21:04:18 /mod neo exp 9990000
27/12/2002 21:04:19 /mod neo exp 9990000
27/12/2002 21:04:21 /mod neo exp 9990000
27/12/2002 21:04:22 /mod neo exp 9990000
27/12/2002 21:04:23 /mod neo exp 9990000
27/12/2002 21:04:24 /mod neo exp 9990000
27/12/2002 21:04:25 /mod neo exp 9990000
27/12/2002 21:04:26 /mod neo exp 9990000
27/12/2002 21:04:27 /mod neo exp 9990000
27/12/2002 21:04:37 /mod neo exp 9990000
27/12/2002 21:04:38 /mod neo exp 9990000
27/12/2002 21:04:40 /mod neo exp 9990000
27/12/2002 21:04:41 /mod neo exp 9990000
27/12/2002 21:04:42 /mod neo exp 9990000
27/12/2002 21:04:43 /mod neo exp 9990000
27/12/2002 21:04:44 /mod neo exp 9990000
27/12/2002 21:07:28 Se conecto con ip:80.224.212.86
27/12/2002 21:09:52 Mensaje Broadcast:lanselor gay xDD
27/12/2002 21:09:58 Mensaje Broadcast:tu vieja te fastidia xDD
27/12/2002 21:10:28 /SUM Lanselor Map:34 X:43 Y:83
27/12/2002 21:15:38 Tiro cantidad:1 Objeto:Tunica de mago
27/12/2002 21:18:17 Tiro cantidad:1 Objeto:Tunica de mago
27/12/2002 21:18:17 Agarro:1 Objeto:Tunica de mago
27/12/2002 21:18:18 Tiro cantidad:1 Objeto:Tunica de mago
27/12/2002 21:18:18 Agarro:1 Objeto:Tunica de mago
27/12/2002 21:20:05 Sumoneo Murcielago
27/12/2002 21:20:06 Sumoneo Murcielago
27/12/2002 21:20:07 Sumoneo Murcielago
27/12/2002 21:20:08 Sumoneo Murcielago
27/12/2002 21:20:10 Sumoneo Murcielago
27/12/2002 21:20:11 Sumoneo Murcielago
27/12/2002 21:20:12 Sumoneo Murcielago
27/12/2002 21:20:13 Sumoneo Murcielago
27/12/2002 21:20:14 Sumoneo Murcielago
27/12/2002 21:20:16 Sumoneo Murcielago
27/12/2002 21:20:48 Sumoneo Murcielago
27/12/2002 21:20:49 Sumoneo Murcielago
27/12/2002 21:20:50 Sumoneo Murcielago
27/12/2002 21:20:52 Sumoneo Murcielago
27/12/2002 21:20:53 Sumoneo Murcielago
27/12/2002 21:20:54 Sumoneo Murcielago
27/12/2002 21:20:55 Sumoneo Murcielago
27/12/2002 21:20:56 Sumoneo Murcielago
27/12/2002 21:20:57 Sumoneo Murcielago
27/12/2002 21:20:59 Sumoneo Murcielago
27/12/2002 21:21:00 Sumoneo Murcielago
27/12/2002 21:22:08 Transporto a NeoSefirot hacia Mapa34 X:44 Y:88
27/12/2002 21:22:10 /SUM Lanselor Map:34 X:44 Y:88
27/12/2002 21:22:50 Transporto a NeoSefirot hacia Mapa34 X:44 Y:88
27/12/2002 21:22:52 /SUM Lanselor Map:34 X:44 Y:88
27/12/2002 21:24:46 /TELEPLOC a x:23 Y:65 Map:34
27/12/2002 21:24:49 /SUM Lanselor Map:34 X:23 Y:65
27/12/2002 21:24:53 /IRA Lanselor Mapa:156 X:51 Y:53
27/12/2002 21:24:58 /TELEPLOC a x:41 Y:60 Map:156
27/12/2002 21:25:00 /SUM Lanselor Map:156 X:41 Y:60
28/12/2002 14:05:52 Se conecto con ip:80.224.212.158
28/12/2002 14:11:13 Se conecto con ip:80.224.212.158
28/12/2002 14:11:20 /SUM KoLoKoN Map:34 X:28 Y:72
28/12/2002 14:11:50 Tiro cantidad:1 Objeto:Espada De La Amargura
28/12/2002 14:12:08 Agarro:1 Objeto:Espada De La Amargura
28/12/2002 14:14:57 Se conecto con ip:80.224.212.158
28/12/2002 14:15:22 Tiro cantidad:1 Objeto:Espada De La Amargura
28/12/2002 14:15:47 Agarro:1 Objeto:Espada De La Amargura
28/12/2002 14:16:35 Resucito a KoLoKoN
28/12/2002 14:21:28 Se conecto con ip:80.224.212.158
28/12/2002 14:21:32 /IRA KoLoKoN Mapa:34 X:29 Y:73
28/12/2002 14:21:47 Tiro cantidad:1 Objeto:Espada De La Amargura
28/12/2002 14:21:51 /TELEPLOC a x:26 Y:72 Map:34
28/12/2002 14:22:02 Sumoneo Murcielago
28/12/2002 14:22:04 Sumoneo Murcielago
28/12/2002 14:22:05 Sumoneo Murcielago
28/12/2002 14:22:06 Sumoneo Murcielago
28/12/2002 14:22:07 Sumoneo Murcielago
28/12/2002 14:22:08 Sumoneo Murcielago
28/12/2002 14:22:09 Sumoneo Murcielago
28/12/2002 14:22:11 Sumoneo Murcielago
28/12/2002 14:22:11 Sumoneo Murcielago
28/12/2002 14:22:12 Sumoneo Murcielago
28/12/2002 14:22:13 Sumoneo Murcielago
28/12/2002 14:22:14 Sumoneo Murcielago
28/12/2002 14:22:15 Sumoneo Murcielago
28/12/2002 14:22:16 Sumoneo Murcielago
28/12/2002 14:22:17 Sumoneo Murcielago
28/12/2002 14:23:45 Sumoneo Murcielago
28/12/2002 14:23:46 Sumoneo Murcielago
28/12/2002 14:23:48 Sumoneo Murcielago
28/12/2002 14:23:49 Sumoneo Murcielago
28/12/2002 14:23:51 Sumoneo Murcielago
28/12/2002 14:23:53 Sumoneo Murcielago
28/12/2002 14:23:54 Sumoneo Murcielago
28/12/2002 14:23:55 Sumoneo Murcielago
28/12/2002 14:23:56 Sumoneo Murcielago
28/12/2002 14:23:57 Sumoneo Murcielago
28/12/2002 14:23:58 Sumoneo Murcielago
28/12/2002 14:24:29 /IRA KoLoKoN Mapa:34 X:25 Y:74
28/12/2002 14:26:58 Resucito a KoLoKoN
28/12/2002 15:25:30 Se conecto con ip:80.224.212.158
28/12/2002 15:43:29 Se conecto con ip:80.224.212.158
28/12/2002 15:48:30 Se conecto con ip:80.224.212.158
28/12/2002 15:48:39 /SUM TRUNK Map:34 X:29 Y:73
28/12/2002 15:54:22 Se conecto con ip:80.224.212.158
28/12/2002 15:57:27 Tiro cantidad:1 Objeto:Espada De La Amargura
28/12/2002 15:58:50 Tiro cantidad:1 Objeto:Armadura Del Caos Mujer Cleriga
28/12/2002 15:59:15 Tiro cantidad:1 Objeto:Armadura De Placas Mercenario
28/12/2002 15:59:33 Tiro cantidad:1 Objeto:Casco Mercenario
28/12/2002 16:16:15 Se conecto con ip:80.224.212.158
28/12/2002 16:20:03 /IRA TrunK Mapa:34 X:29 Y:72
28/12/2002 16:21:29 /mod trunk exp 9990000
28/12/2002 16:21:30 /mod trunk exp 9990000
28/12/2002 16:21:31 /mod trunk exp 9990000
28/12/2002 16:21:32 /mod trunk exp 9990000
28/12/2002 16:21:33 /mod trunk exp 9990000
28/12/2002 16:21:34 /mod trunk exp 9990000
28/12/2002 16:21:35 /mod trunk exp 9990000
28/12/2002 16:21:35 /mod trunk exp 9990000
28/12/2002 16:21:36 /mod trunk exp 9990000
28/12/2002 16:21:37 /mod trunk exp 9990000
28/12/2002 16:21:37 /mod trunk exp 9990000
28/12/2002 16:21:38 /mod trunk exp 9990000
28/12/2002 16:21:39 /mod trunk exp 9990000
28/12/2002 16:21:40 /mod trunk exp 9990000
28/12/2002 16:21:41 /mod trunk exp 9990000
28/12/2002 16:21:42 /mod trunk exp 9990000
28/12/2002 16:21:43 /mod trunk exp 9990000
28/12/2002 16:21:44 /mod trunk exp 9990000
28/12/2002 16:21:44 /mod trunk exp 9990000
28/12/2002 16:21:45 /mod trunk exp 9990000
28/12/2002 16:21:46 /mod trunk exp 9990000
28/12/2002 16:21:46 /mod trunk exp 9990000
28/12/2002 16:21:47 /mod trunk exp 9990000
28/12/2002 16:21:48 /mod trunk exp 9990000
28/12/2002 16:21:49 /mod trunk exp 9990000
28/12/2002 16:21:49 /mod trunk exp 9990000
28/12/2002 16:21:50 /mod trunk exp 9990000
28/12/2002 16:21:51 /mod trunk exp 9990000
28/12/2002 16:21:53 /mod trunk exp 9990000
28/12/2002 16:21:54 /mod trunk exp 9990000
28/12/2002 16:21:55 /mod trunk exp 9990000
28/12/2002 16:23:23 Tiro cantidad:1 Objeto:Espada De La Amargura
28/12/2002 16:23:26 /TELEPLOC a x:30 Y:71 Map:34
28/12/2002 16:24:54 Tiro cantidad:10 Objeto:Escudo Del Caos
28/12/2002 16:25:04 /MATA NPC SIN INICIAR
28/12/2002 16:25:05 Agarro:1 Objeto:Quitar paralisis
28/12/2002 16:25:07 Agarro:10 Objeto:Escudo Del Caos
28/12/2002 16:25:15 Tiro cantidad:1 Objeto:Escudo Del Caos
28/12/2002 16:25:17 Tiro cantidad:1 Objeto:Escudo Del Bien
28/12/2002 16:25:21 Tiro cantidad:1 Objeto:Puñal
28/12/2002 16:25:24 Tiro cantidad:1 Objeto:Casco Del Caos
28/12/2002 16:25:29 Tiro cantidad:1 Objeto:MaZa
28/12/2002 16:25:31 Tiro cantidad:1 Objeto:Anillo Poder
28/12/2002 16:25:34 Tiro cantidad:1 Objeto:Espada Helada
28/12/2002 16:25:38 Tiro cantidad:1 Objeto:Puñal Retorcido
28/12/2002 16:25:42 Tiro cantidad:1 Objeto:Espada De Hielo
28/12/2002 16:25:44 Tiro cantidad:1 Objeto:Puñal Elegante
28/12/2002 16:25:47 Tiro cantidad:1 Objeto:Casco Del Bien
28/12/2002 16:25:52 Tiro cantidad:1 Objeto:Espada Del Caos
28/12/2002 16:25:55 Tiro cantidad:1 Objeto:Espada Del Bien
28/12/2002 16:25:57 Tiro cantidad:1 Objeto:Espadon
28/12/2002 16:27:24 Tiro cantidad:1 Objeto:Armadura Del Caos Enano(G-H)
28/12/2002 16:27:27 Tiro cantidad:1 Objeto:Casco Mercenario
28/12/2002 16:27:29 Tiro cantidad:1 Objeto:Espada De La Amargura
28/12/2002 16:27:34 Tiro cantidad:1 Objeto:Escudo Del Caos
28/12/2002 16:50:29 Se conecto con ip:80.224.212.158
28/12/2002 16:50:52 Tiro cantidad:9 Objeto:Espadon
28/12/2002 16:50:54 Tiro cantidad:9 Objeto:Espada Del Bien
28/12/2002 16:50:56 Tiro cantidad:9 Objeto:Espada Del Caos
28/12/2002 16:50:58 Tiro cantidad:9 Objeto:Casco Del Bien
28/12/2002 16:51:00 Tiro cantidad:9 Objeto:Puñal Elegante
28/12/2002 16:51:02 Tiro cantidad:9 Objeto:Espada De Hielo
28/12/2002 16:51:04 Tiro cantidad:9 Objeto:Puñal Retorcido
28/12/2002 16:51:07 Tiro cantidad:8 Objeto:Espada De La Amargura
28/12/2002 16:51:29 Tiro cantidad:9 Objeto:Espada Helada
28/12/2002 16:51:29 Tiro cantidad:9 Objeto:Anillo Poder
28/12/2002 16:51:29 Tiro cantidad:9 Objeto:MaZa
28/12/2002 16:51:29 Tiro cantidad:9 Objeto:Casco Del Caos
28/12/2002 16:51:29 Tiro cantidad:9 Objeto:Puñal
28/12/2002 16:51:29 Tiro cantidad:9 Objeto:Escudo Del Bien
28/12/2002 16:51:30 Tiro cantidad:8 Objeto:Escudo Del Caos
28/12/2002 16:51:30 Tiro cantidad:9 Objeto:Armadura Del Caos Enano(G-H)
28/12/2002 16:51:30 Tiro cantidad:9 Objeto:Armadura Del Caos Mujer Cleriga
28/12/2002 16:51:31 Tiro cantidad:9 Objeto:Armadura De Placas Mercenario
01/01/2003 18:25:40 Se conecto con ip:127.0.0.1
01/01/2003 18:25:57 Transporto a NeoSefirot hacia Mapa34 X:44 Y:88
01/01/2003 18:26:32 /mod neo exp 999
01/01/2003 19:06:01 Se conecto con ip:80.224.214.114
01/01/2003 19:07:40 Creó 2 unidades del objeto 526
01/01/2003 19:07:44 Creó 2 unidades del objeto 556
01/01/2003 19:07:54 Creó 10000 unidades del objeto 557
01/01/2003 19:07:54 Creó 10000 unidades del objeto 557
01/01/2003 19:07:55 Creó 10000 unidades del objeto 557
01/01/2003 19:07:55 Creó 10000 unidades del objeto 557
01/01/2003 19:07:55 Creó 10000 unidades del objeto 557
01/01/2003 19:08:02 Tiro cantidad:1 Objeto:Olla
01/01/2003 19:08:06 Tiro cantidad:10000 Objeto:Raíz
01/01/2003 19:08:08 Tiro cantidad:10000 Objeto:Raíz
01/01/2003 19:08:36 Tiro cantidad:1 Objeto:Pocion Anti Parálisis
01/01/2003 19:09:40 Tiro cantidad:10000 Objeto:Raíz
01/01/2003 19:09:41 Agarro:10000 Objeto:Raíz
01/01/2003 19:10:00 /SUM FLAKOBATERO Map:34 X:25 Y:69
01/01/2003 19:11:56 /mod neo exp 9990000
01/01/2003 19:11:58 /mod neo exp 9990000
01/01/2003 19:11:59 /mod neo exp 9990000
01/01/2003 19:12:00 /mod neo exp 9990000
01/01/2003 19:12:01 /mod neo exp 9990000
01/01/2003 19:12:02 /mod neo exp 9990000
01/01/2003 19:12:02 /mod neo exp 9990000
01/01/2003 19:12:03 /mod neo exp 9990000
01/01/2003 19:12:05 /mod neo exp 9990000
01/01/2003 19:12:06 /mod neo exp 9990000
01/01/2003 19:12:07 /mod neo exp 9990000
01/01/2003 19:12:08 /mod neo exp 9990000
01/01/2003 19:12:09 /mod neo exp 9990000
01/01/2003 19:12:10 /mod neo exp 9990000
01/01/2003 19:12:11 /mod neo exp 9990000
01/01/2003 19:12:12 /mod neo exp 9990000
01/01/2003 19:12:12 /mod neo exp 9990000
01/01/2003 19:12:13 /mod neo exp 9990000
01/01/2003 19:12:14 /mod neo exp 9990000
01/01/2003 19:12:15 /mod neo exp 9990000
01/01/2003 19:12:16 /mod neo exp 9990000
01/01/2003 19:12:36 /IRA FLAKOBATERO Mapa:34 X:30 Y:71
01/01/2003 19:13:36 /mod flako exp 9990000
01/01/2003 19:13:37 /mod flako exp 9990000
01/01/2003 19:13:38 /mod flako exp 9990000
01/01/2003 19:13:39 /mod flako exp 9990000
01/01/2003 19:13:40 /mod flako exp 9990000
01/01/2003 19:13:41 /mod flako exp 9990000
01/01/2003 19:13:42 /mod flako exp 9990000
01/01/2003 19:13:42 /mod flako exp 9990000
01/01/2003 19:13:43 /mod flako exp 9990000
01/01/2003 19:13:44 /mod flako exp 9990000
01/01/2003 19:13:44 /mod flako exp 9990000
01/01/2003 19:13:45 /mod flako exp 9990000
01/01/2003 19:13:46 /mod flako exp 9990000
01/01/2003 19:13:46 /mod flako exp 9990000
01/01/2003 19:13:47 /mod flako exp 9990000
01/01/2003 19:13:48 /mod flako exp 9990000
01/01/2003 19:13:50 /mod flako exp 9990000
01/01/2003 19:13:52 /mod flako exp 9990000
01/01/2003 19:13:53 /mod flako exp 9990000
01/01/2003 19:13:53 /mod flako exp 9990000
01/01/2003 19:14:22 /SUM FLAKOBATERO Map:34 X:28 Y:70
01/01/2003 19:18:16 /mod neo oro 95000
01/01/2003 19:18:32 Tiro cantidad:2 Objeto:Tunica de Semidios
01/01/2003 19:18:33 Agarro:2 Objeto:Tunica de Semidios
01/01/2003 19:18:37 Tiro cantidad:1 Objeto:Tunica de mago
01/01/2003 19:18:43 Tiro cantidad:2 Objeto:Tunica Roja combinada(G-M)
01/01/2003 19:18:46 Tiro cantidad:1 Objeto:Olla
01/01/2003 19:18:46 Agarro:1 Objeto:Olla
01/01/2003 19:18:49 Tiro cantidad:10000 Objeto:Raíz
01/01/2003 19:18:50 Agarro:10000 Objeto:Raíz
01/01/2003 19:18:52 Tiro cantidad:9899 Objeto:Raíz
01/01/2003 19:18:52 Agarro:9899 Objeto:Raíz
01/01/2003 19:18:54 Tiro cantidad:10000 Objeto:Raíz
01/01/2003 19:18:54 Agarro:10000 Objeto:Raíz
01/01/2003 19:18:56 Tiro cantidad:99 Objeto:Pocion Anti Parálisis
01/01/2003 19:18:56 Agarro:99 Objeto:Pocion Anti Parálisis
01/01/2003 19:19:56 Tiro cantidad:1 Objeto:Olla
01/01/2003 19:20:06 Agarro:1 Objeto:Olla
01/01/2003 19:20:19 Tiro cantidad:1 Objeto:Olla
01/01/2003 19:20:22 Agarro:1 Objeto:Olla
01/01/2003 19:20:47 /SUM FLAKOBATERO Map:34 X:27 Y:69
01/01/2003 19:21:17 Agarro:1 Objeto:Armadura de Dragón (Enano/Enana)
01/01/2003 19:21:46 Creó 1 unidades del objeto 567
01/01/2003 19:21:49 Creó 1 unidades del objeto 568
01/01/2003 19:21:59 Creó 1 unidades del objeto 568
01/01/2003 19:22:03 Creó 1 unidades del objeto 569
01/01/2003 19:22:08 Creó 1 unidades del objeto 567
01/01/2003 19:22:30 Creó 1 unidades del objeto 564
01/01/2003 19:22:33 Creó 1 unidades del objeto 563
01/01/2003 19:22:35 Creó 1 unidades del objeto 562
01/01/2003 19:22:38 Creó 1 unidades del objeto 561
01/01/2003 19:22:47 Creó 1 unidades del objeto 560
01/01/2003 19:22:50 Creó 1 unidades del objeto 559
01/01/2003 19:24:49 Creó 1 unidades del objeto 484
01/01/2003 19:24:59 Agarro:1 Objeto:Armadura de herrero
01/01/2003 19:25:30 Agarro:1 Objeto:Ropa de Enano
01/01/2003 19:25:38 Agarro:1 Objeto:Armadura Legendaria
01/01/2003 19:25:45 Tiro cantidad:1 Objeto:Mata Drakos!!
01/01/2003 19:25:46 Tiro cantidad:1 Objeto:A Dos Manos
01/01/2003 19:25:49 Tiro cantidad:1 Objeto:Escudo Divino
01/01/2003 19:25:52 Tiro cantidad:1 Objeto:Escudo Dorado
01/01/2003 19:25:55 Agarro:1 Objeto:White Lady
01/01/2003 19:25:58 Tiro cantidad:1 Objeto:Armadura de placas completa (Newbies)
01/01/2003 19:26:00 Tiro cantidad:1 Objeto:Daga Gris
01/01/2003 19:26:02 Tiro cantidad:1 Objeto:Pocion violeta (Newbies)
01/01/2003 19:26:09 Tiro cantidad:1 Objeto:Armadura de herrero
01/01/2003 19:26:12 Tiro cantidad:1 Objeto:Ropa de Enano
01/01/2003 19:26:15 Tiro cantidad:1 Objeto:Armadura de herrero
01/01/2003 19:26:15 Agarro:1 Objeto:Armadura de herrero
01/01/2003 19:26:17 Tiro cantidad:1 Objeto:Armadura Legendaria
01/01/2003 19:26:17 Agarro:1 Objeto:Armadura Legendaria
01/01/2003 19:26:52 Agarro:1 Objeto:Armadura placas azul
01/01/2003 19:27:07 Agarro:1 Objeto:Ropa de minero
01/01/2003 19:27:30 Tiro cantidad:1 Objeto:Ropa de minero
01/01/2003 19:27:40 Agarro:1 Objeto:Armadura de Placas Roja (Mujer)
01/01/2003 19:28:04 /DEST
01/01/2003 19:28:09 /DEST
01/01/2003 19:28:09 /DEST
01/01/2003 19:28:09 /DEST
01/01/2003 19:28:09 /DEST
01/01/2003 19:28:10 /DEST
01/01/2003 19:28:23 Agarro:1 Objeto:Armadura (Caos) (Mujer) 2da Jerarquía
01/01/2003 19:28:57 Tiro cantidad:1 Objeto:Armadura (Caos) (Mujer) 2da Jerarquía
01/01/2003 19:29:09 Agarro:1 Objeto:Armadura (Caos) (Mujer) 2da Jerarquía
01/01/2003 19:29:45 Agarro:1 Objeto:Armadura Caos (Mujer)
01/01/2003 19:29:49 Agarro:1 Objeto:Cotas de Malla (Mujer)
01/01/2003 19:30:54 Se conecto con ip:80.224.214.114
01/01/2003 19:31:00 Se conecto con ip:80.224.214.114
01/01/2003 19:31:03 Agarro:1 Objeto:Vestido Indulgente (H/E/EO-M)
01/01/2003 19:33:46 /mod  fuerza 1000
01/01/2003 19:34:42 Mensaje Broadcast:voi a probar si ya funca cucsifae aguantame
01/01/2003 19:35:23 Se conecto con ip:127.0.0.1
01/01/2003 19:35:30 /IRA flakobatero Mapa:59 X:55 Y:23
01/01/2003 19:36:02 /mod  cri 1000
01/01/2003 19:36:11 /mod neosefirot cri 1000
01/01/2003 19:37:00 /SUM flakobatero Map:60 X:75 Y:16
01/01/2003 19:38:08 /mod neosefirot const 35
01/01/2003 19:38:09 /mod neosefirot intel 35
01/01/2003 19:38:12 /mod neosefirot fuerza 35
01/01/2003 19:38:13 /mod neosefirot agil 35
01/01/2003 19:38:13 /mod neosefirot caris 35
01/01/2003 19:38:53 Transporto a NeoSefirot hacia Mapa34 X:44 Y:88
01/01/2003 19:39:04 /SUM flakobatero Map:34 X:28 Y:74
01/01/2003 19:39:30 Creó 2 unidades del objeto 543
01/01/2003 19:39:36 Tiro cantidad:1 Objeto:Cotas de Malla (Mujer)
01/01/2003 19:39:39 Creó 2 unidades del objeto 543
01/01/2003 19:39:44 Tiro cantidad:1 Objeto:Vestido Indulgente (H/E/EO-M)
01/01/2003 19:39:46 Tiro cantidad:1 Objeto:Armadura Caos (Mujer)
01/01/2003 19:39:48 Tiro cantidad:1 Objeto:Armadura (Caos) (Mujer) 2da Jerarquía
01/01/2003 19:39:49 Tiro cantidad:1 Objeto:Armadura de Placas Roja (Mujer)
01/01/2003 19:39:51 Tiro cantidad:1 Objeto:Armadura placas azul
01/01/2003 19:39:52 Tiro cantidad:1 Objeto:Armadura Legendaria
01/01/2003 19:39:53 Tiro cantidad:1 Objeto:White Lady
01/01/2003 19:39:55 Tiro cantidad:1 Objeto:Armadura de herrero
01/01/2003 19:39:56 Tiro cantidad:2 Objeto:Casco Dorado
01/01/2003 19:39:59 Tiro cantidad:2 Objeto:Armadura de placas de gala Dorada
01/01/2003 19:40:00 Tiro cantidad:1 Objeto:Armadura de Dragón (Enano/Enana)
01/01/2003 19:40:04 Tiro cantidad:2 Objeto:Red de pesca
01/01/2003 19:40:04 Agarro:2 Objeto:Red de pesca
01/01/2003 19:40:05 Tiro cantidad:1 Objeto:Aprendiz Imperial (Mujer) (H/EL/ELO-M)
01/01/2003 19:40:05 Agarro:1 Objeto:Aprendiz Imperial (Mujer) (H/EL/ELO-M)
01/01/2003 19:40:08 Tiro cantidad:1 Objeto:Red de pesca
01/01/2003 19:41:48 Tiro cantidad:6 Objeto:Pescado
01/01/2003 19:42:03 Tiro cantidad:1 Objeto:Pescado
01/01/2003 19:42:05 Tiro cantidad:1 Objeto:Pescado
01/01/2003 19:42:08 Tiro cantidad:1 Objeto:Pescado
01/01/2003 19:42:15 Tiro cantidad:1 Objeto:Pescado
05/01/2003 17:09:54 Se conecto con ip:127.0.0.1
05/01/2003 17:10:05 Transporto a NeoSefirot hacia Mapa200 X:50 Y:50
05/01/2003 17:39:36 Se conecto con ip:127.0.0.1
05/01/2003 17:40:09 Transporto a NeoSefirot hacia Mapa160 X:50 Y:50
05/01/2003 18:16:26 Se conecto con ip:127.0.0.1
05/01/2003 18:16:38 Transporto a NeoSefirot hacia Mapa190 X:50 Y:50
05/01/2003 18:16:56 Transporto a NeoSefirot hacia Mapa34 X:44 Y:88
05/01/2003 18:47:50 Se conecto con ip:127.0.0.1
05/01/2003 18:48:38 Transporto a NeoSefirot hacia Mapa200 X:50 Y:50
05/01/2003 20:41:37 Se conecto con ip:127.0.0.1
05/01/2003 20:41:45 Transporto a NeoSefirot hacia Mapa158 X:50 Y:50
05/01/2003 20:42:26 /TELEPLOC a x:33 Y:14 Map:158
05/01/2003 20:42:36 /TELEPLOC a x:36 Y:11 Map:158
05/01/2003 20:42:49 /TELEPLOC a x:34 Y:16 Map:158
05/01/2003 21:04:31 Se conecto con ip:127.0.0.1
06/01/2003 15:21:26 Se conecto con ip:127.0.0.1
06/01/2003 16:20:39 Se conecto con ip:127.0.0.1
06/01/2003 16:36:07 Se conecto con ip:127.0.0.1
06/01/2003 16:37:46 Transporto a NeoSefirot hacia Mapa34 X:44 Y:88
06/01/2003 22:35:29 Se conecto con ip:127.0.0.1
06/01/2003 22:35:39 Transporto a NeoSefirot hacia Mapa158 X:50 Y:50
