28/12/2002 16:33:40 Se conecto con ip:80.224.212.158
28/12/2002 16:33:45 Resucito a NeoSefirot PoWa
28/12/2002 16:33:46 Agarro:1 Objeto:Espada De La Amargura
28/12/2002 16:35:05 /IRA TrunK Mapa:34 X:13 Y:67
28/12/2002 16:35:18 /mod neo exp 9990000
28/12/2002 16:35:23 /mod neo exp 9990000
28/12/2002 16:35:24 /mod neo exp 9990000
28/12/2002 16:35:26 /mod neo exp 9990000
28/12/2002 16:35:27 /mod neo exp 9990000
28/12/2002 16:35:28 /mod neo exp 9990000
28/12/2002 16:35:30 /mod neo exp 9990000
28/12/2002 16:35:32 /mod neo exp 9990000
28/12/2002 16:35:33 /mod neo exp 9990000
28/12/2002 16:35:34 /mod neo exp 9990000
28/12/2002 16:35:35 /mod neo exp 9990000
28/12/2002 16:35:37 /mod neo exp 9990000
28/12/2002 16:35:37 /mod neo exp 9990000
28/12/2002 16:35:38 /mod neo exp 9990000
28/12/2002 16:35:39 /mod neo exp 9990000
28/12/2002 16:35:40 /mod neo exp 9990000
28/12/2002 16:35:41 /mod neo exp 9990000
28/12/2002 16:35:43 /mod neo exp 9990000
28/12/2002 16:35:44 /mod neo exp 9990000
28/12/2002 16:35:45 /mod neo exp 9990000
28/12/2002 16:35:49 /mod neo exp 9990000
28/12/2002 16:35:51 /mod neo exp 9990000
28/12/2002 16:35:57 /mod neo exp 9990000
28/12/2002 16:35:58 /mod neo exp 9990000
28/12/2002 16:35:59 /mod neo exp 9990000
28/12/2002 16:36:00 /mod neo exp 9990000
28/12/2002 16:36:01 /mod neo exp 9990000
28/12/2002 16:36:02 /mod neo exp 9990000
28/12/2002 16:36:03 /mod neo exp 9990000
28/12/2002 16:36:09 Agarro:462 Objeto:Monedas de oro
28/12/2002 16:36:15 Tiro cantidad:1 Objeto:Armadura Del Caos Enano(G-H)
28/12/2002 16:36:15 Agarro:1 Objeto:Armadura Del Caos Enano(G-H)
28/12/2002 16:36:17 Tiro cantidad:1 Objeto:Casco Mercenario
28/12/2002 16:36:17 Agarro:1 Objeto:Casco Mercenario
28/12/2002 16:36:18 Tiro cantidad:1 Objeto:Escudo Del Caos
28/12/2002 16:36:19 Agarro:1 Objeto:Escudo Del Caos
28/12/2002 16:36:21 Tiro cantidad:1 Objeto:Espada De La Amargura
28/12/2002 16:36:21 Agarro:1 Objeto:Espada De La Amargura
28/12/2002 16:36:47 /mod neo exp 9990000
28/12/2002 16:36:48 /mod neo exp 9990000
28/12/2002 16:36:49 /mod neo exp 9990000
28/12/2002 16:36:50 /mod neo exp 9990000
28/12/2002 16:36:51 /mod neo exp 9990000
28/12/2002 16:36:51 /mod neo exp 9990000
28/12/2002 16:36:53 /mod neo exp 9990000
28/12/2002 16:36:55 /mod neo exp 9990000
28/12/2002 16:36:56 /mod neo exp 9990000
28/12/2002 16:36:58 /mod neo exp 9990000
28/12/2002 16:36:59 /mod neo exp 9990000
28/12/2002 16:37:00 /mod neo exp 9990000
28/12/2002 16:37:01 /mod neo exp 9990000
28/12/2002 16:37:02 /mod neo exp 9990000
28/12/2002 16:37:03 /mod neo exp 9990000
28/12/2002 16:37:04 /mod neo exp 9990000
28/12/2002 16:37:05 /mod neo exp 9990000
28/12/2002 16:37:07 /mod neo exp 9990000
28/12/2002 16:37:08 /mod neo exp 9990000
28/12/2002 16:37:09 /mod neo exp 9990000
28/12/2002 16:37:11 /SUM TrunK Map:34 X:14 Y:72
28/12/2002 16:37:39 Sumoneo Señor de la muerte
28/12/2002 16:38:22 /MATA NPC SIN INICIAR
28/12/2002 16:38:53 Tiro cantidad:1 Objeto:Daga
28/12/2002 16:38:56 Tiro cantidad:1 Objeto:Espada corta
28/12/2002 16:43:21 /mod neo head 11
28/12/2002 16:45:14 Se conecto con ip:80.224.212.158
28/12/2002 16:46:44 /mod neo head
28/12/2002 16:46:50 /mod neo body 82
28/12/2002 16:49:22 /SUM TrunK Map:34 X:32 Y:62
28/12/2002 16:49:56 /SUM Kolokon Map:34 X:32 Y:62
28/12/2002 16:54:27 Se conecto con ip:80.224.212.158
28/12/2002 16:54:30 Agarro:9 Objeto:Armadura De Placas Mercenario
28/12/2002 16:54:30 Agarro:9 Objeto:MaZa
28/12/2002 16:54:30 Agarro:8 Objeto:Anillo Poder
28/12/2002 16:54:30 Agarro:8 Objeto:Espada Helada
28/12/2002 16:54:30 Agarro:8 Objeto:Espada De La Amargura
28/12/2002 16:54:31 Agarro:8 Objeto:Espada Del Caos
28/12/2002 16:54:31 Agarro:8 Objeto:Puñal Elegante
28/12/2002 16:54:31 Agarro:9 Objeto:Casco Del Bien
28/12/2002 16:54:32 Agarro:8 Objeto:Espadon
28/12/2002 16:54:32 Agarro:9 Objeto:Casco Del Caos
28/12/2002 16:54:32 Agarro:9 Objeto:Armadura Del Caos Mujer Cleriga
28/12/2002 16:54:32 Agarro:9 Objeto:Armadura Del Caos Enano(G-H)
28/12/2002 16:54:33 Agarro:8 Objeto:Escudo Del Caos
28/12/2002 16:54:33 Agarro:9 Objeto:Escudo Del Bien
28/12/2002 16:54:34 Agarro:9 Objeto:Puñal Retorcido
28/12/2002 16:54:34 Agarro:8 Objeto:Espada De Hielo
28/12/2002 16:54:34 Agarro:8 Objeto:Espada Del Bien
28/12/2002 16:54:42 Tiro cantidad:9 Objeto:Armadura De Placas Mercenario
28/12/2002 16:54:43 Agarro:9 Objeto:Puñal
28/12/2002 16:55:26 /mod kolo exp 9990000
28/12/2002 16:55:27 /mod kolo exp 9990000
28/12/2002 16:55:28 /mod kolo exp 9990000
28/12/2002 16:55:29 /mod kolo exp 9990000
28/12/2002 16:55:31 /mod kolo exp 9990000
28/12/2002 16:55:32 /mod kolo exp 9990000
28/12/2002 16:55:33 /mod kolo exp 9990000
28/12/2002 16:55:33 /mod kolo exp 9990000
28/12/2002 16:55:35 /mod kolo exp 9990000
28/12/2002 16:55:35 /mod kolo exp 9990000
28/12/2002 16:55:36 /mod kolo exp 9990000
28/12/2002 16:55:37 /mod kolo exp 9990000
28/12/2002 16:55:39 /mod kolo exp 9990000
28/12/2002 16:58:48 Mensaje Broadcast:asta leugo alexxx
28/12/2002 16:59:05 /MATA NPC SIN INICIAR
28/12/2002 16:59:05 /MATA NPC SIN INICIAR
28/12/2002 16:59:09 Agarro:1 Objeto:Espadon
28/12/2002 16:59:13 Tiro cantidad:1 Objeto:Espadon
28/12/2002 16:59:17 Tiro cantidad:1 Objeto:Escudo Del Bien
28/12/2002 16:59:20 Tiro cantidad:1 Objeto:Puñal Retorcido
28/12/2002 16:59:23 Tiro cantidad:1 Objeto:Casco Del Caos
28/12/2002 16:59:26 Tiro cantidad:1 Objeto:Puñal
28/12/2002 16:59:29 Tiro cantidad:1 Objeto:MaZa
28/12/2002 17:00:42 Sumoneo Araña gigante
28/12/2002 17:01:08 Sumoneo Ogro
