28/12/2002 15:48:08 Se conecto con ip:62.83.47.203
28/12/2002 15:51:07 Se conecto con ip:62.83.111.183
28/12/2002 15:52:49 Se conecto con ip:62.83.100.228
28/12/2002 15:55:03 /mod TrunK oro 90000
28/12/2002 15:57:14 Se conecto con ip:62.83.100.228
28/12/2002 15:57:29 Agarro:1 Objeto:Espada De La Amargura
28/12/2002 15:57:52 /mod trunk exp 90000
28/12/2002 15:58:23 /mod trunk exp 90000
28/12/2002 15:58:25 /mod trunk exp 90000
28/12/2002 15:58:27 /mod trunk exp 90000
28/12/2002 15:58:29 /mod trunk exp 90000
28/12/2002 15:58:32 /mod trunk exp 90000
28/12/2002 15:58:33 /mod trunk exp 90000
28/12/2002 15:58:35 /mod trunk exp 90000
28/12/2002 15:58:37 /mod trunk exp 90000
28/12/2002 15:58:39 /mod trunk exp 90000
28/12/2002 15:58:40 /mod trunk exp 90000
28/12/2002 15:58:42 /mod trunk exp 90000
28/12/2002 15:58:44 /mod trunk exp 90000
28/12/2002 15:58:45 /mod trunk exp 90000
28/12/2002 15:58:46 /mod trunk exp 90000
28/12/2002 15:58:48 /mod trunk exp 90000
28/12/2002 15:58:52 Agarro:1 Objeto:Armadura Del Caos Mujer Cleriga
28/12/2002 15:58:57 Tiro cantidad:1 Objeto:Espada De La Amargura
28/12/2002 15:58:57 Agarro:1 Objeto:Espada De La Amargura
28/12/2002 15:59:17 Agarro:1 Objeto:Armadura De Placas Mercenario
28/12/2002 15:59:34 /mod trunk exp 90000
28/12/2002 15:59:36 /mod trunk exp 90000
28/12/2002 15:59:37 Agarro:1 Objeto:Casco Mercenario
28/12/2002 15:59:50 /mod trunk exp 90000
28/12/2002 15:59:56 /mod trunk exp 90000
28/12/2002 16:00:00 /mod trunk exp 90000
28/12/2002 16:00:02 /mod trunk exp 90000
28/12/2002 16:00:05 /mod trunk exp 90000
28/12/2002 16:00:17 /mod trunk exp 90000
28/12/2002 16:00:20 /mod trunk exp 90000
28/12/2002 16:19:35 Se conecto con ip:62.83.109.122
28/12/2002 16:21:27 /mod trunk exp 90000
28/12/2002 16:21:40 /mod trunk exp 900000
28/12/2002 16:21:48 /mod trunk exo 900000
28/12/2002 16:21:54 /mod trunk exp 900000
28/12/2002 16:22:18 /mod trunk 9990000
28/12/2002 16:24:40 Tiro cantidad:1 Objeto:Quitar paralisis
28/12/2002 16:24:54 Sumoneo Ogro
28/12/2002 16:25:18 Agarro:1 Objeto:Escudo Del Caos
28/12/2002 16:25:21 Agarro:1 Objeto:Escudo Del Bien
28/12/2002 16:25:24 Agarro:1 Objeto:Puñal
28/12/2002 16:25:26 Agarro:1 Objeto:Casco Del Caos
28/12/2002 16:25:31 Agarro:1 Objeto:MaZa
28/12/2002 16:25:34 Agarro:1 Objeto:Anillo Poder
28/12/2002 16:25:37 Agarro:1 Objeto:Espada Helada
28/12/2002 16:25:40 Agarro:1 Objeto:Puñal Retorcido
28/12/2002 16:25:44 Agarro:1 Objeto:Espada De Hielo
28/12/2002 16:25:46 Agarro:1 Objeto:Puñal Elegante
28/12/2002 16:25:49 Agarro:1 Objeto:Casco Del Bien
28/12/2002 16:25:54 Agarro:1 Objeto:Espada Del Caos
28/12/2002 16:25:57 Agarro:1 Objeto:Espada Del Bien
28/12/2002 16:26:00 Agarro:1 Objeto:Espadon
28/12/2002 16:27:06 Sumoneo Araña gigante
28/12/2002 16:27:44 Agarro:176 Objeto:Monedas de oro
28/12/2002 16:27:56 Sumoneo Asesino
28/12/2002 16:29:14 Sumoneo Ogro
28/12/2002 16:29:14 Sumoneo Ogro
28/12/2002 16:29:15 Sumoneo Ogro
28/12/2002 16:29:16 Sumoneo Ogro
28/12/2002 16:29:17 Sumoneo Ogro
28/12/2002 16:29:17 Sumoneo Ogro
28/12/2002 16:29:18 Sumoneo Ogro
28/12/2002 16:29:18 Sumoneo Ogro
28/12/2002 16:29:19 Sumoneo Ogro
28/12/2002 16:29:19 Sumoneo Ogro
28/12/2002 16:29:20 Sumoneo Ogro
28/12/2002 16:29:21 Sumoneo Ogro
28/12/2002 16:34:57 /INVISIBLE
28/12/2002 16:35:21 /INVISIBLE
28/12/2002 16:35:28 Agarro:1 Objeto:Armadura klox
28/12/2002 16:35:37 Tiro cantidad:1 Objeto:Armadura klox
28/12/2002 16:38:34 /SUM NeoSefirot PoWa Map:34 X:33 Y:60
28/12/2002 16:38:55 Agarro:1 Objeto:Daga
28/12/2002 16:38:59 Agarro:1 Objeto:Espada corta
28/12/2002 16:39:57 Sumoneo Señor de la muerte
28/12/2002 16:42:38 /mod trunk head 11
28/12/2002 16:43:06 /mod neosefirot head 111
28/12/2002 16:45:28 /mod trunk body 141
28/12/2002 16:45:32 Tiro cantidad:1 Objeto:Casco Mercenario
28/12/2002 16:45:32 Agarro:1 Objeto:Casco Mercenario
28/12/2002 16:46:28 /mod trunk head 212
28/12/2002 16:46:57 /mod neosefirot body 12
28/12/2002 16:49:07 Transporto a TrunK hacia Mapa141 X:12 Y:12
28/12/2002 16:53:18 Se conecto con ip:62.83.104.223
28/12/2002 16:54:07 /SUM Kolokon Map:35 X:35 Y:93
28/12/2002 16:54:16 /SUM Kolokon Map:35 X:35 Y:91
28/12/2002 16:54:22 /SUM Kolokon Map:35 X:35 Y:91
28/12/2002 16:54:57 /INVISIBLE
28/12/2002 16:55:08 /mod trunk body 1
28/12/2002 16:55:25 /INVISIBLE
28/12/2002 16:55:37 /mod trunk body 1
28/12/2002 16:55:52 /INVISIBLE
28/12/2002 16:56:15 Se conecto con ip:62.83.104.223
28/12/2002 16:56:27 /INVISIBLE
28/12/2002 16:56:43 /INVISIBLE
28/12/2002 16:57:10 /mod trunk head 11
28/12/2002 16:57:58 /SUM NeoSefirot PoWa Map:34 X:35 Y:43
